<?xml version="1.0" encoding="UTF-8"?>
<testng-results skipped="0" failed="0" ignored="0" total="0" passed="0">
  <reporter-output>
  </reporter-output>
  <suite name="Surefire suite" duration-ms="28046" started-at="2022-02-21T22:34:17 EET" finished-at="2022-02-21T22:34:45 EET">
    <groups>
    </groups>
    <test name="Surefire test" duration-ms="28046" started-at="2022-02-21T22:34:17 EET" finished-at="2022-02-21T22:34:45 EET">
      <class name="Tests.TestBase">
        <test-method status="PASS" signature="Android_Setup()[pri:0, instance:Tests.TestBase@3f49dace]" name="Android_Setup" is-config="true" duration-ms="28031" started-at="2022-02-21T22:34:17 EET" finished-at="2022-02-21T22:34:45 EET">
          <reporter-output>
          </reporter-output>
        </test-method> <!-- Android_Setup -->
      </class> <!-- Tests.TestBase -->
    </test> <!-- Surefire test -->
  </suite> <!-- Surefire suite -->
</testng-results>
