<?xml version="1.0" encoding="UTF-8"?>
<testng-results ignored="0" total="1" passed="1" failed="0" skipped="0">
  <reporter-output>
  </reporter-output>
  <suite started-at="2022-02-21T19:21:40 EET" name="Default suite" finished-at="2022-02-21T19:21:59 EET" duration-ms="18489">
    <groups>
    </groups>
    <test started-at="2022-02-21T19:21:40 EET" name="Default test" finished-at="2022-02-21T19:21:59 EET" duration-ms="18489">
      <class name="Tests.FirstClass">
        <test-method is-config="true" signature="Android_Setup()[pri:0, instance:Tests.FirstClass@47542153]" started-at="2022-02-21T19:21:40 EET" name="Android_Setup" finished-at="2022-02-21T19:21:59 EET" duration-ms="18440" status="PASS">
          <reporter-output>
          </reporter-output>
        </test-method> <!-- Android_Setup -->
        <test-method signature="Drag()[pri:1, instance:Tests.FirstClass@47542153]" started-at="2022-02-21T19:21:59 EET" name="Drag" finished-at="2022-02-21T19:21:59 EET" duration-ms="5" status="PASS">
          <reporter-output>
          </reporter-output>
        </test-method> <!-- Drag -->
      </class> <!-- Tests.FirstClass -->
    </test> <!-- Default test -->
  </suite> <!-- Default suite -->
</testng-results>
